2017.01.14 at 11:42:30 CST INFO  com.spark.utils.WinEnvUtils 33 getPortId - 获取到串行接口：COM1
2017.01.14 at 11:42:31 CST INFO  com.spark.utils.WinEnvUtils 33 getPortId - 获取到串行接口：COM2
2017.01.14 at 11:42:44 CST INFO  com.spark.utils.WinEnvUtils 67 getAvailableSerialPorts - 传递串口单号：COM1
2017.01.14 at 11:42:52 CST INFO  swingtest.MyFrame 1680 connect - [INFO:COM1端口已连接]
2017.01.14 at 11:42:52 CST INFO  swingtest.MyFrame 332 handleItemAndMode - 界面[发送]:55aa01F90101040D
2017.01.14 at 11:43:00 CST INFO  com.spark.core.SerialConnecter$SerialWriter 254 run - 发送器[命令]发送:55aa01f90101040d
2017.01.14 at 11:43:01 CST INFO  com.spark.core.SerialConnecter$SerialWriter 256 run - 发送器[命令][放入已发命令集合]:55aa01f90101040d
2017.01.14 at 11:43:12 CST INFO  com.spark.core.SerialConnecter$SerialConsumer 305 run - 消费者[命令][队首待验证]:55aa01f90101040d
2017.01.14 at 11:43:12 CST INFO  com.spark.core.SerialConnecter$SerialConsumer 308 run - 消费者[命令][队首验证通过]:55aa01f90101040d
2017.01.14 at 11:43:12 CST INFO  com.spark.core.SerialConnecter$SerialReader 210 run - 接收器[命令]接受:aa5501f90153432d50524f5c32303136313231355c534f363132313530323035205c323031363132313556342e325c0d
2017.01.14 at 11:43:13 CST INFO  swingtest.MyFrame$2 307 execute - 界面[接受]:SC-PRO\20161215\SO612150205 \20161215V4.2\
2017.01.14 at 11:43:13 CST INFO  swingtest.MyFrame$2 323 execute - 界面[重绘]:table_Info:SC-PRO\20161215\SO612150205 \20161215V4.2\
2017.01.14 at 11:43:13 CST INFO  swingtest.MyFrame$2 325 execute - 界面[重绘]:frame:SC-PRO\20161215\SO612150205 \20161215V4.2\
2017.01.14 at 11:43:16 CST INFO  swingtest.MyFrame 1649 disconnect - [info]:触发disconnect事件
2017.01.14 at 11:43:16 CST INFO  swingtest.MyFrame 1651 disconnect - [info]:关闭当前连接
2017.01.14 at 11:43:16 CST INFO  com.spark.core.SerialPortFactory 29 disConnect - [info]:disconnect事件强制关闭
2017.01.14 at 11:43:16 CST INFO  com.spark.core.SerialConnecter 88 close - [info]:notifyOnDataAvailable
2017.01.14 at 11:43:17 CST INFO  com.spark.core.SerialPortFactory 33 disConnect - [info]:disconnect对象清空
2017.01.14 at 11:43:28 CST INFO  com.spark.utils.WinEnvUtils 67 getAvailableSerialPorts - 传递串口单号：COM1
2017.01.14 at 11:44:14 CST INFO  swingtest.MyFrame 1680 connect - [INFO:COM1端口已连接]
2017.01.14 at 11:44:14 CST INFO  swingtest.MyFrame 332 handleItemAndMode - 界面[发送]:55aa01F90101040D
2017.01.14 at 19:34:56 CST INFO  com.spark.utils.WinEnvUtils 33 getPortId - 获取到串行接口：COM1
2017.01.14 at 19:34:56 CST INFO  com.spark.utils.WinEnvUtils 33 getPortId - 获取到串行接口：COM2
2017.01.14 at 19:35:21 CST INFO  com.spark.utils.WinEnvUtils 67 getAvailableSerialPorts - 传递串口单号：COM1
2017.01.14 at 19:35:21 CST INFO  swingtest.MyFrame 1700 connect - [INFO:COM1端口已连接]
2017.01.14 at 19:35:22 CST INFO  swingtest.MyFrame 332 handleItemAndMode - 界面[发送]:55aa01F90101040D
2017.01.14 at 19:35:22 CST INFO  com.spark.core.SerialConnecter$SerialWriter 298 run - 发送器[命令]发送:55aa01f90101040d
2017.01.14 at 19:35:22 CST INFO  com.spark.core.SerialConnecter$SerialWriter 300 run - 发送器[命令][放入已发命令集合]:55aa01f90101040d
2017.01.14 at 19:35:55 CST INFO  com.spark.core.SerialConnecter$SerialReader 254 run - 接收器[命令]接受:aa5501f90153432d50524f5c32303136313231355c534f363132313530323035205c323031363132313556342e325c0d
2017.01.14 at 19:35:55 CST INFO  com.spark.core.SerialConnecter$SerialConsumer 349 run - 消费者[命令][队首待验证]:55aa01f90101040d
2017.01.14 at 19:35:55 CST INFO  com.spark.core.SerialConnecter$SerialConsumer 352 run - 消费者[命令][队首验证通过]:55aa01f90101040d
2017.01.14 at 19:35:55 CST INFO  swingtest.MyFrame$2 307 execute - 界面[接受]:SC-PRO\20161215\SO612150205 \20161215V4.2\
2017.01.14 at 19:35:55 CST INFO  swingtest.MyFrame$2 323 execute - 界面[重绘]:table_Info:SC-PRO\20161215\SO612150205 \20161215V4.2\
2017.01.14 at 19:35:55 CST INFO  swingtest.MyFrame$2 325 execute - 界面[重绘]:frame:SC-PRO\20161215\SO612150205 \20161215V4.2\
2017.01.14 at 19:35:58 CST INFO  swingtest.MyFrame 1669 disconnect - [info]:触发disconnect事件
2017.01.14 at 19:35:58 CST INFO  swingtest.MyFrame 1671 disconnect - [info]:关闭当前连接
2017.01.14 at 19:35:58 CST INFO  com.spark.core.SerialPortFactory 29 disConnect - [info]:disconnect事件强制关闭
2017.01.14 at 19:35:58 CST INFO  com.spark.core.SerialConnecter 101 close - [info]:notifyOnDataAvailable
2017.01.14 at 19:35:58 CST INFO  com.spark.core.SerialPortFactory 33 disConnect - [info]:disconnect对象清空
2017.01.14 at 19:36:01 CST INFO  com.spark.utils.WinEnvUtils 67 getAvailableSerialPorts - 传递串口单号：COM1
2017.01.14 at 19:36:01 CST INFO  com.spark.utils.WinEnvUtils 80 getAvailableSerialPorts - Port, COM1, is in use.
2017.01.14 at 19:36:01 CST INFO  swingtest.MyFrame 332 handleItemAndMode - 界面[发送]:55aa01F90101040D
2017.01.14 at 19:37:45 CST INFO  com.spark.utils.WinEnvUtils 33 getPortId - 获取到串行接口：COM1
2017.01.14 at 19:37:45 CST INFO  com.spark.utils.WinEnvUtils 33 getPortId - 获取到串行接口：COM2
2017.01.14 at 19:37:59 CST INFO  com.spark.utils.WinEnvUtils 67 getAvailableSerialPorts - 传递串口单号：COM1
2017.01.14 at 19:38:03 CST INFO  swingtest.MyFrame 1700 connect - [INFO:COM1端口已连接]
2017.01.14 at 19:38:04 CST INFO  swingtest.MyFrame 332 handleItemAndMode - 界面[发送]:55aa01F90101040D
2017.01.14 at 19:38:07 CST INFO  com.spark.core.SerialConnecter$SerialWriter 298 run - 发送器[命令]发送:55aa01f90101040d
2017.01.14 at 19:38:08 CST INFO  com.spark.core.SerialConnecter$SerialWriter 300 run - 发送器[命令][放入已发命令集合]:55aa01f90101040d
2017.01.14 at 19:38:27 CST INFO  com.spark.core.SerialConnecter$SerialReader 254 run - 接收器[命令]接受:aa5501f90153432d50524f5c32303136313231355c534f363132313530323035205c323031363132313556342e325c0d
2017.01.14 at 19:38:29 CST INFO  com.spark.core.SerialConnecter$SerialConsumer 349 run - 消费者[命令][队首待验证]:55aa01f90101040d
2017.01.14 at 19:38:32 CST INFO  com.spark.core.SerialConnecter$SerialConsumer 352 run - 消费者[命令][队首验证通过]:55aa01f90101040d
2017.01.14 at 19:38:32 CST INFO  swingtest.MyFrame$2 307 execute - 界面[接受]:SC-PRO\20161215\SO612150205 \20161215V4.2\
2017.01.14 at 19:38:32 CST INFO  swingtest.MyFrame$2 323 execute - 界面[重绘]:table_Info:SC-PRO\20161215\SO612150205 \20161215V4.2\
2017.01.14 at 19:38:32 CST INFO  swingtest.MyFrame$2 325 execute - 界面[重绘]:frame:SC-PRO\20161215\SO612150205 \20161215V4.2\
2017.01.14 at 19:41:28 CST INFO  com.spark.utils.WinEnvUtils 33 getPortId - 获取到串行接口：COM1
2017.01.14 at 19:41:28 CST INFO  com.spark.utils.WinEnvUtils 33 getPortId - 获取到串行接口：COM2
2017.01.14 at 19:41:36 CST INFO  com.spark.utils.WinEnvUtils 67 getAvailableSerialPorts - 传递串口单号：COM1
2017.01.14 at 19:41:39 CST INFO  swingtest.MyFrame 1700 connect - [INFO:COM1端口已连接]
2017.01.14 at 19:41:39 CST INFO  swingtest.MyFrame 332 handleItemAndMode - 界面[发送]:55aa01F90101040D
2017.01.14 at 19:45:57 CST INFO  com.spark.core.SerialConnecter$SerialWriter 298 run - 发送器[命令]发送:55aa01f90101040d
2017.01.14 at 19:45:57 CST INFO  com.spark.core.SerialConnecter$SerialWriter 300 run - 发送器[命令][放入已发命令集合]:55aa01f90101040d
2017.01.14 at 19:46:01 CST INFO  com.spark.core.SerialConnecter$SerialReader 254 run - 接收器[命令]接受:aa5501f90153432d50524f5c32303136313231355c534f363132313530323035205c323031363132313556342e325c0d
2017.01.14 at 19:46:01 CST INFO  com.spark.core.SerialConnecter$SerialConsumer 349 run - 消费者[命令][队首待验证]:55aa01f90101040d
2017.01.14 at 19:46:01 CST INFO  com.spark.core.SerialConnecter$SerialConsumer 352 run - 消费者[命令][队首验证通过]:55aa01f90101040d
2017.01.14 at 19:46:01 CST INFO  swingtest.MyFrame$2 307 execute - 界面[接受]:SC-PRO\20161215\SO612150205 \20161215V4.2\
2017.01.14 at 19:46:01 CST INFO  swingtest.MyFrame$2 323 execute - 界面[重绘]:table_Info:SC-PRO\20161215\SO612150205 \20161215V4.2\
2017.01.14 at 19:46:01 CST INFO  swingtest.MyFrame$2 325 execute - 界面[重绘]:frame:SC-PRO\20161215\SO612150205 \20161215V4.2\
2017.01.14 at 19:46:16 CST INFO  swingtest.MyFrame 1669 disconnect - [info]:触发disconnect事件
2017.01.14 at 19:46:16 CST INFO  swingtest.MyFrame 1671 disconnect - [info]:关闭当前连接
2017.01.14 at 19:46:16 CST INFO  com.spark.core.SerialPortFactory 29 disConnect - [info]:disconnect事件强制关闭
2017.01.14 at 19:46:16 CST INFO  com.spark.core.SerialConnecter 101 close - [info]:notifyOnDataAvailable
2017.01.14 at 19:46:16 CST INFO  com.spark.core.SerialPortFactory 33 disConnect - [info]:disconnect对象清空
2017.01.14 at 19:47:24 CST INFO  com.spark.utils.WinEnvUtils 67 getAvailableSerialPorts - 传递串口单号：COM1
2017.01.14 at 19:47:24 CST INFO  com.spark.utils.WinEnvUtils 80 getAvailableSerialPorts - Port, COM1, is in use.
2017.01.14 at 19:47:24 CST INFO  swingtest.MyFrame 332 handleItemAndMode - 界面[发送]:55aa01F90101040D
2017.01.14 at 19:49:00 CST INFO  swingtest.MyFrame 1669 disconnect - [info]:触发disconnect事件
2017.01.14 at 19:49:00 CST INFO  swingtest.MyFrame 1671 disconnect - [info]:关闭当前连接
2017.01.14 at 19:49:00 CST INFO  com.spark.core.SerialPortFactory 29 disConnect - [info]:disconnect事件强制关闭
2017.01.14 at 19:49:03 CST INFO  com.spark.core.SerialConnecter 101 close - [info]:notifyOnDataAvailable
2017.01.14 at 19:49:03 CST INFO  com.spark.core.SerialPortFactory 33 disConnect - [info]:disconnect对象清空
2017.01.14 at 19:52:38 CST INFO  com.spark.utils.WinEnvUtils 67 getAvailableSerialPorts - 传递串口单号：COM1
2017.01.14 at 19:52:38 CST INFO  com.spark.utils.WinEnvUtils 80 getAvailableSerialPorts - Port, COM1, is in use.
2017.01.14 at 19:52:38 CST INFO  swingtest.MyFrame 332 handleItemAndMode - 界面[发送]:55aa01F90101040D
2017.01.14 at 19:55:10 CST INFO  swingtest.MyFrame 1669 disconnect - [info]:触发disconnect事件
2017.01.14 at 19:55:10 CST INFO  swingtest.MyFrame 1671 disconnect - [info]:关闭当前连接
2017.01.14 at 19:55:10 CST INFO  com.spark.core.SerialPortFactory 29 disConnect - [info]:disconnect事件强制关闭
2017.01.14 at 19:55:14 CST INFO  com.spark.core.SerialConnecter 101 close - [info]:notifyOnDataAvailable
2017.01.14 at 19:55:14 CST INFO  com.spark.core.SerialPortFactory 33 disConnect - [info]:disconnect对象清空
2017.01.14 at 19:55:31 CST INFO  com.spark.utils.WinEnvUtils 67 getAvailableSerialPorts - 传递串口单号：COM1
2017.01.14 at 19:55:31 CST INFO  com.spark.utils.WinEnvUtils 80 getAvailableSerialPorts - Port, COM1, is in use.
2017.01.14 at 19:56:26 CST INFO  swingtest.MyFrame 332 handleItemAndMode - 界面[发送]:55aa01F90101040D
2017.01.14 at 19:56:36 CST INFO  swingtest.MyFrame 1669 disconnect - [info]:触发disconnect事件
2017.01.14 at 19:56:36 CST INFO  swingtest.MyFrame 1671 disconnect - [info]:关闭当前连接
2017.01.14 at 19:56:37 CST INFO  com.spark.core.SerialPortFactory 29 disConnect - [info]:disconnect事件强制关闭
2017.01.14 at 19:56:42 CST INFO  com.spark.core.SerialConnecter 101 close - [info]:notifyOnDataAvailable
2017.01.14 at 19:56:42 CST INFO  com.spark.core.SerialPortFactory 33 disConnect - [info]:disconnect对象清空
2017.01.14 at 19:57:13 CST INFO  com.spark.utils.WinEnvUtils 67 getAvailableSerialPorts - 传递串口单号：COM1
2017.01.14 at 19:58:37 CST INFO  com.spark.utils.WinEnvUtils 80 getAvailableSerialPorts - Port, COM1, is in use.
2017.01.14 at 19:58:37 CST INFO  swingtest.MyFrame 332 handleItemAndMode - 界面[发送]:55aa01F90101040D
2017.01.14 at 20:02:40 CST INFO  com.spark.utils.WinEnvUtils 33 getPortId - 获取到串行接口：COM1
2017.01.14 at 20:02:40 CST INFO  com.spark.utils.WinEnvUtils 33 getPortId - 获取到串行接口：COM2
2017.01.14 at 20:03:54 CST INFO  com.spark.utils.WinEnvUtils 67 getAvailableSerialPorts - 传递串口单号：COM1
2017.01.14 at 20:03:56 CST INFO  swingtest.MyFrame 1700 connect - [INFO:COM1端口已连接]
2017.01.14 at 20:03:56 CST INFO  swingtest.MyFrame 332 handleItemAndMode - 界面[发送]:55aa01F90101040D
2017.01.14 at 20:04:18 CST INFO  com.spark.core.SerialConnecter$SerialWriter 301 run - 发送器[命令]发送:55aa01f90101040d
2017.01.14 at 20:04:18 CST INFO  com.spark.core.SerialConnecter$SerialWriter 303 run - 发送器[命令][放入已发命令集合]:55aa01f90101040d
2017.01.14 at 20:04:51 CST INFO  com.spark.core.SerialConnecter$SerialReader 257 run - 接收器[命令]接受:aa5501f90153432d50524f5c32303136313231355c534f363132313530323035205c323031363132313556342e325c0d
2017.01.14 at 20:04:51 CST INFO  com.spark.core.SerialConnecter$SerialConsumer 352 run - 消费者[命令][队首待验证]:55aa01f90101040d
2017.01.14 at 20:04:51 CST INFO  com.spark.core.SerialConnecter$SerialConsumer 355 run - 消费者[命令][队首验证通过]:55aa01f90101040d
2017.01.14 at 20:04:51 CST INFO  swingtest.MyFrame$2 307 execute - 界面[接受]:SC-PRO\20161215\SO612150205 \20161215V4.2\
2017.01.14 at 20:04:51 CST INFO  swingtest.MyFrame$2 323 execute - 界面[重绘]:table_Info:SC-PRO\20161215\SO612150205 \20161215V4.2\
2017.01.14 at 20:04:51 CST INFO  swingtest.MyFrame$2 325 execute - 界面[重绘]:frame:SC-PRO\20161215\SO612150205 \20161215V4.2\
2017.01.14 at 20:04:54 CST INFO  swingtest.MyFrame 1669 disconnect - [info]:触发disconnect事件
2017.01.14 at 20:04:54 CST INFO  swingtest.MyFrame 1671 disconnect - [info]:关闭当前连接
2017.01.14 at 20:04:54 CST INFO  com.spark.core.SerialPortFactory 29 disConnect - [info]:disconnect事件强制关闭
2017.01.14 at 20:04:54 CST INFO  com.spark.core.SerialConnecter 101 close - [info]:notifyOnDataAvailable
2017.01.14 at 20:04:54 CST INFO  com.spark.core.SerialPortFactory 33 disConnect - [info]:disconnect对象清空
2017.01.14 at 20:04:59 CST INFO  com.spark.utils.WinEnvUtils 67 getAvailableSerialPorts - 传递串口单号：COM1
2017.01.14 at 20:04:59 CST INFO  swingtest.MyFrame 1700 connect - [INFO:COM1端口已连接]
2017.01.14 at 20:04:59 CST INFO  swingtest.MyFrame 332 handleItemAndMode - 界面[发送]:55aa01F90101040D
2017.01.14 at 20:04:59 CST INFO  com.spark.core.SerialConnecter$SerialWriter 301 run - 发送器[命令]发送:55aa01f90101040d
2017.01.14 at 20:04:59 CST INFO  com.spark.core.SerialConnecter$SerialWriter 303 run - 发送器[命令][放入已发命令集合]:55aa01f90101040d
2017.01.14 at 20:05:06 CST INFO  com.spark.core.SerialConnecter$SerialReader 257 run - 接收器[命令]接受:aa5501f90153432d50524f5c32303136313231355c534f363132313530323035205c323031363132313556342e325c0d
2017.01.14 at 20:05:06 CST INFO  com.spark.core.SerialConnecter$SerialConsumer 352 run - 消费者[命令][队首待验证]:55aa01f90101040d
2017.01.14 at 20:05:06 CST INFO  com.spark.core.SerialConnecter$SerialConsumer 355 run - 消费者[命令][队首验证通过]:55aa01f90101040d
2017.01.14 at 20:05:06 CST INFO  swingtest.MyFrame$2 307 execute - 界面[接受]:SC-PRO\20161215\SO612150205 \20161215V4.2\
2017.01.14 at 20:05:06 CST INFO  swingtest.MyFrame$2 323 execute - 界面[重绘]:table_Info:SC-PRO\20161215\SO612150205 \20161215V4.2\
2017.01.14 at 20:05:06 CST INFO  swingtest.MyFrame$2 325 execute - 界面[重绘]:frame:SC-PRO\20161215\SO612150205 \20161215V4.2\
2017.01.14 at 20:05:13 CST INFO  swingtest.MyFrame 1669 disconnect - [info]:触发disconnect事件
2017.01.14 at 20:05:13 CST INFO  swingtest.MyFrame 1671 disconnect - [info]:关闭当前连接
2017.01.14 at 20:05:13 CST INFO  com.spark.core.SerialPortFactory 29 disConnect - [info]:disconnect事件强制关闭
2017.01.14 at 20:05:13 CST INFO  com.spark.core.SerialConnecter 101 close - [info]:notifyOnDataAvailable
2017.01.14 at 20:05:14 CST INFO  com.spark.core.SerialPortFactory 33 disConnect - [info]:disconnect对象清空
2017.01.14 at 20:05:17 CST INFO  com.spark.utils.WinEnvUtils 67 getAvailableSerialPorts - 传递串口单号：COM1
2017.01.14 at 20:05:17 CST INFO  swingtest.MyFrame 1700 connect - [INFO:COM1端口已连接]
2017.01.14 at 20:05:17 CST INFO  swingtest.MyFrame 332 handleItemAndMode - 界面[发送]:55aa01F90101040D
2017.01.14 at 20:05:17 CST INFO  com.spark.core.SerialConnecter$SerialWriter 301 run - 发送器[命令]发送:55aa01f90101040d
2017.01.14 at 20:05:17 CST INFO  com.spark.core.SerialConnecter$SerialWriter 303 run - 发送器[命令][放入已发命令集合]:55aa01f90101040d
2017.01.14 at 20:05:31 CST INFO  swingtest.MyFrame 1669 disconnect - [info]:触发disconnect事件
2017.01.14 at 20:05:31 CST INFO  swingtest.MyFrame 1671 disconnect - [info]:关闭当前连接
2017.01.14 at 20:05:31 CST INFO  com.spark.core.SerialPortFactory 29 disConnect - [info]:disconnect事件强制关闭
2017.01.14 at 20:05:31 CST INFO  com.spark.core.SerialConnecter 101 close - [info]:notifyOnDataAvailable
2017.01.14 at 20:05:32 CST INFO  com.spark.core.SerialPortFactory 33 disConnect - [info]:disconnect对象清空
2017.01.14 at 20:05:42 CST INFO  com.spark.utils.WinEnvUtils 67 getAvailableSerialPorts - 传递串口单号：COM1
2017.01.14 at 20:05:42 CST INFO  swingtest.MyFrame 1700 connect - [INFO:COM1端口已连接]
2017.01.14 at 20:05:42 CST INFO  swingtest.MyFrame 332 handleItemAndMode - 界面[发送]:55aa01F90101040D
2017.01.14 at 20:05:42 CST INFO  com.spark.core.SerialConnecter$SerialWriter 301 run - 发送器[命令]发送:55aa01f90101040d
2017.01.14 at 20:05:42 CST INFO  com.spark.core.SerialConnecter$SerialWriter 303 run - 发送器[命令][放入已发命令集合]:55aa01f90101040d
2017.01.14 at 20:05:47 CST INFO  swingtest.MyFrame 1669 disconnect - [info]:触发disconnect事件
2017.01.14 at 20:05:47 CST INFO  swingtest.MyFrame 1671 disconnect - [info]:关闭当前连接
2017.01.14 at 20:05:47 CST INFO  com.spark.core.SerialPortFactory 29 disConnect - [info]:disconnect事件强制关闭
2017.01.14 at 20:05:47 CST INFO  com.spark.core.SerialConnecter 101 close - [info]:notifyOnDataAvailable
2017.01.14 at 20:05:48 CST INFO  com.spark.core.SerialPortFactory 33 disConnect - [info]:disconnect对象清空
2017.01.14 at 20:05:54 CST INFO  com.spark.utils.WinEnvUtils 67 getAvailableSerialPorts - 传递串口单号：COM1
2017.01.14 at 20:05:54 CST INFO  swingtest.MyFrame 1700 connect - [INFO:COM1端口已连接]
2017.01.14 at 20:05:54 CST INFO  swingtest.MyFrame 332 handleItemAndMode - 界面[发送]:55aa01F90101040D
2017.01.14 at 20:05:54 CST INFO  com.spark.core.SerialConnecter$SerialWriter 301 run - 发送器[命令]发送:55aa01f90101040d
2017.01.14 at 20:05:54 CST INFO  com.spark.core.SerialConnecter$SerialWriter 303 run - 发送器[命令][放入已发命令集合]:55aa01f90101040d
2017.01.14 at 20:05:59 CST INFO  com.spark.core.SerialConnecter$SerialReader 257 run - 接收器[命令]接受:aa5501f90153432d50524f5c32303136313231355c534f363132313530323035205c323031363132313556342e325c0d
2017.01.14 at 20:05:59 CST INFO  com.spark.core.SerialConnecter$SerialConsumer 352 run - 消费者[命令][队首待验证]:55aa01f90101040d
2017.01.14 at 20:05:59 CST INFO  com.spark.core.SerialConnecter$SerialConsumer 355 run - 消费者[命令][队首验证通过]:55aa01f90101040d
2017.01.14 at 20:05:59 CST INFO  swingtest.MyFrame$2 307 execute - 界面[接受]:SC-PRO\20161215\SO612150205 \20161215V4.2\
2017.01.14 at 20:05:59 CST INFO  swingtest.MyFrame$2 323 execute - 界面[重绘]:table_Info:SC-PRO\20161215\SO612150205 \20161215V4.2\
2017.01.14 at 20:05:59 CST INFO  swingtest.MyFrame$2 325 execute - 界面[重绘]:frame:SC-PRO\20161215\SO612150205 \20161215V4.2\
2017.01.14 at 20:06:03 CST INFO  swingtest.MyFrame 1669 disconnect - [info]:触发disconnect事件
2017.01.14 at 20:06:03 CST INFO  swingtest.MyFrame 1671 disconnect - [info]:关闭当前连接
2017.01.14 at 20:06:03 CST INFO  com.spark.core.SerialPortFactory 29 disConnect - [info]:disconnect事件强制关闭
2017.01.14 at 20:06:03 CST INFO  com.spark.core.SerialConnecter 101 close - [info]:notifyOnDataAvailable
2017.01.14 at 20:06:03 CST INFO  com.spark.core.SerialPortFactory 33 disConnect - [info]:disconnect对象清空
2017.01.14 at 20:06:54 CST INFO  com.spark.utils.WinEnvUtils 33 getPortId - 获取到串行接口：COM1
2017.01.14 at 20:06:54 CST INFO  com.spark.utils.WinEnvUtils 33 getPortId - 获取到串行接口：COM2
2017.01.14 at 20:07:31 CST INFO  com.spark.utils.WinEnvUtils 67 getAvailableSerialPorts - 传递串口单号：COM1
2017.01.14 at 20:07:33 CST INFO  swingtest.MyFrame 1700 connect - [INFO:COM1端口已连接]
2017.01.14 at 20:07:33 CST INFO  swingtest.MyFrame 332 handleItemAndMode - 界面[发送]:55aa01F90101040D
2017.01.14 at 20:08:13 CST INFO  com.spark.core.SerialConnecter$SerialWriter 301 run - 发送器[命令]发送:55aa01f90101040d
2017.01.14 at 20:08:13 CST INFO  com.spark.core.SerialConnecter$SerialWriter 303 run - 发送器[命令][放入已发命令集合]:55aa01f90101040d
2017.01.14 at 20:08:19 CST INFO  swingtest.MyFrame 1669 disconnect - [info]:触发disconnect事件
2017.01.14 at 20:08:19 CST INFO  swingtest.MyFrame 1671 disconnect - [info]:关闭当前连接
2017.01.14 at 20:08:19 CST INFO  com.spark.core.SerialPortFactory 29 disConnect - [info]:disconnect事件强制关闭
2017.01.14 at 20:08:19 CST INFO  com.spark.core.SerialConnecter 101 close - [info]:notifyOnDataAvailable
2017.01.14 at 20:08:20 CST INFO  com.spark.core.SerialPortFactory 33 disConnect - [info]:disconnect对象清空
2017.01.14 at 20:08:24 CST INFO  com.spark.utils.WinEnvUtils 67 getAvailableSerialPorts - 传递串口单号：COM1
2017.01.14 at 20:08:24 CST INFO  swingtest.MyFrame 1700 connect - [INFO:COM1端口已连接]
2017.01.14 at 20:08:24 CST INFO  swingtest.MyFrame 332 handleItemAndMode - 界面[发送]:55aa01F90101040D
2017.01.14 at 20:08:24 CST INFO  com.spark.core.SerialConnecter$SerialWriter 301 run - 发送器[命令]发送:55aa01f90101040d
2017.01.14 at 20:08:24 CST INFO  com.spark.core.SerialConnecter$SerialWriter 303 run - 发送器[命令][放入已发命令集合]:55aa01f90101040d
2017.01.14 at 20:08:38 CST INFO  swingtest.MyFrame 1669 disconnect - [info]:触发disconnect事件
2017.01.14 at 20:08:38 CST INFO  swingtest.MyFrame 1671 disconnect - [info]:关闭当前连接
2017.01.14 at 20:08:38 CST INFO  com.spark.core.SerialPortFactory 29 disConnect - [info]:disconnect事件强制关闭
2017.01.14 at 20:08:38 CST INFO  com.spark.core.SerialConnecter 101 close - [info]:notifyOnDataAvailable
2017.01.14 at 20:08:38 CST INFO  com.spark.core.SerialPortFactory 33 disConnect - [info]:disconnect对象清空
2017.01.14 at 20:08:58 CST INFO  com.spark.utils.WinEnvUtils 67 getAvailableSerialPorts - 传递串口单号：COM1
2017.01.14 at 20:09:00 CST INFO  swingtest.MyFrame 1700 connect - [INFO:COM1端口已连接]
2017.01.14 at 20:09:00 CST INFO  swingtest.MyFrame 332 handleItemAndMode - 界面[发送]:55aa01F90101040D
2017.01.14 at 20:11:18 CST INFO  com.spark.core.SerialConnecter$SerialWriter 301 run - 发送器[命令]发送:55aa01f90101040d
2017.01.14 at 20:11:18 CST INFO  com.spark.core.SerialConnecter$SerialWriter 303 run - 发送器[命令][放入已发命令集合]:55aa01f90101040d
2017.01.14 at 20:13:04 CST INFO  swingtest.MyFrame 1669 disconnect - [info]:触发disconnect事件
2017.01.14 at 20:13:04 CST INFO  swingtest.MyFrame 1671 disconnect - [info]:关闭当前连接
2017.01.14 at 20:13:04 CST INFO  com.spark.core.SerialPortFactory 29 disConnect - [info]:disconnect事件强制关闭
2017.01.14 at 20:13:04 CST INFO  com.spark.core.SerialConnecter 101 close - [info]:notifyOnDataAvailable
2017.01.14 at 20:13:05 CST INFO  com.spark.core.SerialPortFactory 33 disConnect - [info]:disconnect对象清空
